2025-03-30 09:46:34:4634 [31merror[39m: [31mFailed to create SSE transport for server "simple_sse_server": MCPClientError: Failed to connect to SSE server "simple_sse_server": Error: Error POSTing to endpoint (HTTP 400): InternalServerError: stream is not readable[39m
2025-03-30 09:53:55:5355 [31merror[39m: [31mFailed to load tools from server "simple_sse_server": [[39m
[31m  {[39m
[31m    "received": "string",[39m
[31m    "code": "invalid_literal",[39m
[31m    "expected": "object",[39m
[31m    "path": [[39m
[31m      "tools",[39m
[31m      0,[39m
[31m      "inputSchema",[39m
[31m      "type"[39m
[31m    ],[39m
[31m    "message": "Invalid literal value, expected \"object\""[39m
[31m  }[39m
[31m][39m
2025-03-30 14:29:53:2953 [31merror[39m: [31mFailed to create SSE transport for server "stagehand": MCPClientError: Failed to connect to SSE server "stagehand": TypeError: fetch failed[39m
2025-03-30 14:34:01:341 [31merror[39m: [31mFailed to create SSE transport for server "stagehand": MCPClientError: Failed to connect to SSE server "stagehand": TypeError: fetch failed[39m
2025-03-30 14:40:30:4030 [31merror[39m: [31mFailed to create SSE transport for server "stagehand": MCPClientError: Failed to connect to SSE server "stagehand": Error: SSE error: TypeError: fetch failed: connect ECONNREFUSED ::1:3002, connect ECONNREFUSED 127.0.0.1:3002[39m
2025-03-30 14:57:04:574 [31merror[39m: [31mFailed to create SSE transport for server "simple_sse_server": MCPClientError: Failed to connect to SSE server "simple_sse_server": Error: SSE error: TypeError: fetch failed: connect ECONNREFUSED ::1:3001, connect ECONNREFUSED 127.0.0.1:3001[39m
2025-03-30 15:00:15:015 [31merror[39m: [31mFailed to create SSE transport for server "simple_sse_server": MCPClientError: Failed to connect to SSE server "simple_sse_server": Error: SSE error: TypeError: fetch failed: connect ECONNREFUSED ::1:3001, connect ECONNREFUSED 127.0.0.1:3001[39m
2025-03-30 15:53:36:5336 [31merror[39m: [31mFailed to create SSE transport for server "simple_sse_server": MCPClientError: Failed to connect to SSE server "simple_sse_server": Error: SSE error: TypeError: fetch failed: connect ECONNREFUSED ::1:3001, connect ECONNREFUSED 127.0.0.1:3001[39m
2025-03-30 15:54:00:540 [31merror[39m: [31mFailed to create SSE transport for server "simple_sse_server": MCPClientError: Failed to connect to SSE server "simple_sse_server": Error: SSE error: TypeError: fetch failed: connect ECONNREFUSED ::1:3001, connect ECONNREFUSED 127.0.0.1:3001[39m
2025-03-30 16:23:45:2345 [31merror[39m: [31mError calling tool stagehand_navigate: Failed to navigate: page.goto: Target page, context or browser has been closed[39m
[31mCall log:[39m
[31m[2m  - navigating to "https://www.assent.com/careers/", waiting until "load"[22m[39m
[31m[39m
